Determining if the pthread_create exist failed with the following output:
Change Dir: /home/canine2/ws_moveit/build/CMakeFiles/CMakeTmp

Run Build Command:/usr/bin/make "cmTryCompileExec2144730545/fast"
/usr/bin/make -f CMakeFiles/cmTryCompileExec2144730545.dir/build.make CMakeFiles/cmTryCompileExec2144730545.dir/build
make[1]: Entering directory `/home/canine2/ws_moveit/build/CMakeFiles/CMakeTmp'
/usr/bin/cmake -E cmake_progress_report /home/canine2/ws_moveit/build/CMakeFiles/CMakeTmp/CMakeFiles 1
Building C object CMakeFiles/cmTryCompileExec2144730545.dir/CheckSymbolExists.c.o
/usr/bin/cc    -o CMakeFiles/cmTryCompileExec2144730545.dir/CheckSymbolExists.c.o   -c /home/canine2/ws_moveit/build/CMakeFiles/CMakeTmp/CheckSymbolExists.c
Linking C executable cmTryCompileExec2144730545
/usr/bin/cmake -E cmake_link_script CMakeFiles/cmTryCompileExec2144730545.dir/link.txt --verbose=1
/usr/bin/cc       CMakeFiles/cmTryCompileExec2144730545.dir/CheckSymbolExists.c.o  -o cmTryCompileExec2144730545 -rdynamic 
CMakeFiles/cmTryCompileExec2144730545.dir/CheckSymbolExists.c.o: In function `main':
CheckSymbolExists.c:(.text+0x16): undefined reference to `pthread_create'
collect2: error: ld returned 1 exit status
make[1]: *** [cmTryCompileExec2144730545] Error 1
make[1]: Leaving directory `/home/canine2/ws_moveit/build/CMakeFiles/CMakeTmp'
make: *** [cmTryCompileExec2144730545/fast] Error 2

File /home/canine2/ws_moveit/build/CMakeFiles/CMakeTmp/CheckSymbolExists.c:
/* */
#include <pthread.h>

int main(int argc, char** argv)
{
  (void)argv;
#ifndef pthread_create
  return ((int*)(&pthread_create))[argc];
#else
  (void)argc;
  return 0;
#endif
}

Determining if the function pthread_create exists in the pthreads failed with the following output:
Change Dir: /home/canine2/ws_moveit/build/CMakeFiles/CMakeTmp

Run Build Command:/usr/bin/make "cmTryCompileExec3810180433/fast"
/usr/bin/make -f CMakeFiles/cmTryCompileExec3810180433.dir/build.make CMakeFiles/cmTryCompileExec3810180433.dir/build
make[1]: Entering directory `/home/canine2/ws_moveit/build/CMakeFiles/CMakeTmp'
/usr/bin/cmake -E cmake_progress_report /home/canine2/ws_moveit/build/CMakeFiles/CMakeTmp/CMakeFiles 1
Building C object CMakeFiles/cmTryCompileExec3810180433.dir/CheckFunctionExists.c.o
/usr/bin/cc   -DCHECK_FUNCTION_EXISTS=pthread_create   -o CMakeFiles/cmTryCompileExec3810180433.dir/CheckFunctionExists.c.o   -c /usr/share/cmake-2.8/Modules/CheckFunctionExists.c
Linking C executable cmTryCompileExec3810180433
/usr/bin/cmake -E cmake_link_script CMakeFiles/cmTryCompileExec3810180433.dir/link.txt --verbose=1
/usr/bin/cc   -DCHECK_FUNCTION_EXISTS=pthread_create    CMakeFiles/cmTryCompileExec3810180433.dir/CheckFunctionExists.c.o  -o cmTryCompileExec3810180433 -rdynamic -lpthreads 
/usr/bin/ld: cannot find -lpthreads
collect2: error: ld returned 1 exit status
make[1]: *** [cmTryCompileExec3810180433] Error 1
make[1]: Leaving directory `/home/canine2/ws_moveit/build/CMakeFiles/CMakeTmp'
make: *** [cmTryCompileExec3810180433/fast] Error 2


